{"level":"info","message":"Handover System API server running on port 3001","service":"handover-system","timestamp":"2025-07-31 08:12:08"}
{"level":"info","message":"Environment: undefined","service":"handover-system","timestamp":"2025-07-31 08:12:08"}
{"level":"info","message":"CORS Origin: undefined","service":"handover-system","timestamp":"2025-07-31 08:12:08"}
{"level":"info","message":"GET /health - ::1","service":"handover-system","timestamp":"2025-07-31 08:12:20"}
{"level":"info","message":"Handover System API server running on port 3001","service":"handover-system","timestamp":"2025-07-31 08:13:00"}
{"level":"info","message":"Environment: undefined","service":"handover-system","timestamp":"2025-07-31 08:13:00"}
{"level":"info","message":"CORS Origin: undefined","service":"handover-system","timestamp":"2025-07-31 08:13:00"}
{"level":"info","message":"Handover System API server running on port 3001","service":"handover-system","timestamp":"2025-07-31 08:13:08"}
{"level":"info","message":"Environment: undefined","service":"handover-system","timestamp":"2025-07-31 08:13:08"}
{"level":"info","message":"CORS Origin: undefined","service":"handover-system","timestamp":"2025-07-31 08:13:08"}
{"level":"info","message":"Handover System API server running on port 3001","service":"handover-system","timestamp":"2025-07-31 08:13:18"}
{"level":"info","message":"Environment: undefined","service":"handover-system","timestamp":"2025-07-31 08:13:18"}
{"level":"info","message":"CORS Origin: undefined","service":"handover-system","timestamp":"2025-07-31 08:13:18"}
{"level":"info","message":"GET /api/existing/handovers - ::1","service":"handover-system","timestamp":"2025-07-31 08:13:25"}
{"code":"","details":"TypeError: fetch failed\n    at node:internal/deps/undici/undici:13510:13\n    at process.processTicksAndRejections (node:internal/process/task_queues:105:5)\n    at async Object.getHandovers (F:\\Git\\job-handoff-project\\backend\\config\\database-adapter.js:103:31)\n    at async F:\\Git\\job-handoff-project\\backend\\routes\\existing-api.js:10:23","hint":"","level":"error","message":"Error getting handovers: TypeError: fetch failed","service":"handover-system","timestamp":"2025-07-31 08:13:36"}
{"code":"","details":"TypeError: fetch failed\n    at node:internal/deps/undici/undici:13510:13\n    at process.processTicksAndRejections (node:internal/process/task_queues:105:5)\n    at async Object.getHandovers (F:\\Git\\job-handoff-project\\backend\\config\\database-adapter.js:103:31)\n    at async F:\\Git\\job-handoff-project\\backend\\routes\\existing-api.js:10:23","hint":"","level":"error","message":"Error fetching handovers: TypeError: fetch failed","service":"handover-system","timestamp":"2025-07-31 08:13:36"}
{"level":"info","message":"Handover System API server running on port 3001","service":"handover-system","timestamp":"2025-07-31 08:14:38"}
{"level":"info","message":"Environment: undefined","service":"handover-system","timestamp":"2025-07-31 08:14:38"}
{"level":"info","message":"CORS Origin: undefined","service":"handover-system","timestamp":"2025-07-31 08:14:38"}
{"level":"info","message":"GET /api/existing/handovers - ::1","service":"handover-system","timestamp":"2025-07-31 08:15:07"}
{"level":"info","message":"GET /api/existing/organizations - ::1","service":"handover-system","timestamp":"2025-07-31 08:15:22"}
{"level":"info","message":"GET / - ::1","service":"handover-system","timestamp":"2025-07-31 09:14:44"}
{"ip":"::1","level":"error","message":"Application Error Not found - /","method":"GET","service":"handover-system","stack":"Error: Not found - /\n    at notFound (F:\\Git\\job-handoff-project\\backend\\middleware\\errorMiddleware.js:5:17)\n    at Layer.handle [as handle_request] (F:\\Git\\job-handoff-project\\backend\\node_modules\\express\\lib\\router\\layer.js:95:5)\n    at trim_prefix (F:\\Git\\job-handoff-project\\backend\\node_modules\\express\\lib\\router\\index.js:328:13)\n    at F:\\Git\\job-handoff-project\\backend\\node_modules\\express\\lib\\router\\index.js:286:9\n    at Function.process_params (F:\\Git\\job-handoff-project\\backend\\node_modules\\express\\lib\\router\\index.js:346:12)\n    at next (F:\\Git\\job-handoff-project\\backend\\node_modules\\express\\lib\\router\\index.js:280:10)\n    at F:\\Git\\job-handoff-project\\backend\\server.js:45:3\n    at Layer.handle [as handle_request] (F:\\Git\\job-handoff-project\\backend\\node_modules\\express\\lib\\router\\layer.js:95:5)\n    at trim_prefix (F:\\Git\\job-handoff-project\\backend\\node_modules\\express\\lib\\router\\index.js:328:13)\n    at F:\\Git\\job-handoff-project\\backend\\node_modules\\express\\lib\\router\\index.js:286:9","timestamp":"2025-07-31 09:14:44","url":"/"}
{"level":"info","message":"GET /favicon.ico - ::1","service":"handover-system","timestamp":"2025-07-31 09:14:45"}
{"ip":"::1","level":"error","message":"Application Error Not found - /favicon.ico","method":"GET","service":"handover-system","stack":"Error: Not found - /favicon.ico\n    at notFound (F:\\Git\\job-handoff-project\\backend\\middleware\\errorMiddleware.js:5:17)\n    at Layer.handle [as handle_request] (F:\\Git\\job-handoff-project\\backend\\node_modules\\express\\lib\\router\\layer.js:95:5)\n    at trim_prefix (F:\\Git\\job-handoff-project\\backend\\node_modules\\express\\lib\\router\\index.js:328:13)\n    at F:\\Git\\job-handoff-project\\backend\\node_modules\\express\\lib\\router\\index.js:286:9\n    at Function.process_params (F:\\Git\\job-handoff-project\\backend\\node_modules\\express\\lib\\router\\index.js:346:12)\n    at next (F:\\Git\\job-handoff-project\\backend\\node_modules\\express\\lib\\router\\index.js:280:10)\n    at F:\\Git\\job-handoff-project\\backend\\server.js:45:3\n    at Layer.handle [as handle_request] (F:\\Git\\job-handoff-project\\backend\\node_modules\\express\\lib\\router\\layer.js:95:5)\n    at trim_prefix (F:\\Git\\job-handoff-project\\backend\\node_modules\\express\\lib\\router\\index.js:328:13)\n    at F:\\Git\\job-handoff-project\\backend\\node_modules\\express\\lib\\router\\index.js:286:9","timestamp":"2025-07-31 09:14:45","url":"/favicon.ico"}
{"level":"info","message":"Handover System API server running on:","service":"handover-system","timestamp":"2025-07-31 09:16:07"}
{"level":"info","message":"  - http://localhost:3001","service":"handover-system","timestamp":"2025-07-31 09:16:07"}
{"level":"info","message":"  - http://127.0.0.1:3001","service":"handover-system","timestamp":"2025-07-31 09:16:07"}
{"level":"info","message":"  - http://YOUR_IP_ADDRESS:3001","service":"handover-system","timestamp":"2025-07-31 09:16:07"}
{"level":"info","message":"Environment: undefined","service":"handover-system","timestamp":"2025-07-31 09:16:07"}
{"level":"info","message":"CORS Origin: undefined","service":"handover-system","timestamp":"2025-07-31 09:16:07"}
{"level":"info","message":"Handover System API server running on:","service":"handover-system","timestamp":"2025-07-31 09:16:17"}
{"level":"info","message":"  - http://localhost:3001","service":"handover-system","timestamp":"2025-07-31 09:16:17"}
{"level":"info","message":"  - http://127.0.0.1:3001","service":"handover-system","timestamp":"2025-07-31 09:16:17"}
{"level":"info","message":"  - http://YOUR_IP_ADDRESS:3001","service":"handover-system","timestamp":"2025-07-31 09:16:17"}
{"level":"info","message":"Environment: undefined","service":"handover-system","timestamp":"2025-07-31 09:16:17"}
{"level":"info","message":"CORS Origin: undefined","service":"handover-system","timestamp":"2025-07-31 09:16:17"}
{"level":"info","message":"GET /health - 192.168.0.167","service":"handover-system","timestamp":"2025-07-31 09:18:50"}
